2026-05-19 22:21:14 [INFO ] net.UdpServer - Сервер подключился к сети
2026-05-19 22:21:15 [INFO ] commands.SaveCommand - Коллекция сохранена в collection3.xml
2026-05-19 22:21:15 [INFO ] commands.ExitCommand - UdpServer завершил работу
2026-06-03 19:26:50 [INFO ] net.UdpServer - Сервер подключился к сети
2026-06-03 19:27:08 [INFO ] commands.SaveCommand - Коллекция сохранена в collection4.xml
2026-06-03 19:27:08 [INFO ] commands.ExitCommand - UdpServer завершил работу
2026-06-05 14:18:56 [INFO ] io.db.OrganizationDao - Коллекция очищена. Удалено 0 организаций
2026-06-05 15:33:44 [INFO ] net.UdpServer - Сервер подключился к сети
2026-06-05 15:33:49 [INFO ] commands.InfoCommand - Информация:
-Тип:TreeSet
-Дата создания:2026-06-05
-Количество элементов:0
2026-06-05 15:33:52 [WARN ] commands.ShowCommand - exceptions.EmptyContainerException: Контейнер пуст
2026-06-05 15:34:02 [INFO ] commands.AddCommand - ID созданной организации: 5
2026-06-05 15:34:05 [INFO ] commands.ShowCommand - Organization:
 Id: 5
 Дата создания объекта: 2026-06-05
 Название: 1
 Тип организации: Публичная
 Координаты: 
  x: 1
  y: 1.0
 Адрес: 
  Расположение: 
   Город: 1
   x: 1.0
   y: 1
   z: 11
  Почтовый индекс: 0000
 Количество сотрудников: 1
 Годовая выручка: 1
2026-06-05 15:34:20 [INFO ] commands.HelpCommand - 
add {element} : добавить новый элемент в коллекцию. Поля введенные неверно будут сгенерированы
add_if_min {element} : добавить новый элемент в коллекцию, если его значение меньше, чем у наименьшего элемента этой коллекции. Сравнение идет по выручке и количеству сотрудников
clear : очистить коллекцию
execute_script file_name : считать и исполнить скрипт из указанного файла. Команды которым необходимы на вход организации или адрес должны вводится в xml формате в строке с командой
exit : завершить программу
filter_greater_than_postal_address {postalAddress} : вывести элементы, значение поля postalAddress которых больше заданного. Сравнение идет по почтовому индексу
help : Выводит справку по командам.
info : выводит информацию о коллекции (тип, дата инициализации, количество элементов)
print_field_ascending_type : вывести значения поля type всех элементов в порядке возрастания
remove_by_id runnerId : удалить элемент из коллекции по его runnerId
remove_greater {element} : удалить из коллекции все элементы, превышающие заданный. Сравнение идет по выручке и количеству сотрудников
remove_lower {element} : удалить из коллекции все элементы, меньшие, чем заданный. Сравнение идет по выручке и количеству сотрудников
show : вывести все элементы коллекции
sum_of_employees_count : вывести сумму значений поля employeesCount для всех элементов коллекции
update runnerId {element} : Обновляет значения элемента по runnerId, нужно ввести весь объект. Поля без значения не будут изменены.
2026-06-05 15:34:30 [WARN ] commands.RemoveGreaterCommand - java.util.NoSuchElementException: Нет организаций, больших заданной
2026-06-05 15:34:38 [WARN ] commands.RemoveGreaterCommand - java.util.NoSuchElementException: Нет организаций, больших заданной
2026-06-05 15:34:44 [INFO ] commands.AddCommand - ID созданной организации: 6
2026-06-05 15:34:50 [INFO ] commands.RemoveGreaterCommand - Организация с ID 6 удалена
2026-06-05 15:34:58 [INFO ] commands.HelpCommand - 
add {element} : добавить новый элемент в коллекцию. Поля введенные неверно будут сгенерированы
add_if_min {element} : добавить новый элемент в коллекцию, если его значение меньше, чем у наименьшего элемента этой коллекции. Сравнение идет по выручке и количеству сотрудников
clear : очистить коллекцию
execute_script file_name : считать и исполнить скрипт из указанного файла. Команды которым необходимы на вход организации или адрес должны вводится в xml формате в строке с командой
exit : завершить программу
filter_greater_than_postal_address {postalAddress} : вывести элементы, значение поля postalAddress которых больше заданного. Сравнение идет по почтовому индексу
help : Выводит справку по командам.
info : выводит информацию о коллекции (тип, дата инициализации, количество элементов)
print_field_ascending_type : вывести значения поля type всех элементов в порядке возрастания
remove_by_id runnerId : удалить элемент из коллекции по его runnerId
remove_greater {element} : удалить из коллекции все элементы, превышающие заданный. Сравнение идет по выручке и количеству сотрудников
remove_lower {element} : удалить из коллекции все элементы, меньшие, чем заданный. Сравнение идет по выручке и количеству сотрудников
show : вывести все элементы коллекции
sum_of_employees_count : вывести сумму значений поля employeesCount для всех элементов коллекции
update runnerId {element} : Обновляет значения элемента по runnerId, нужно ввести весь объект. Поля без значения не будут изменены.
2026-06-05 15:35:05 [INFO ] commands.RemoveLowerCommand - Организация с ID 5 удалена
2026-06-05 15:35:05 [WARN ] net.UdpServer - Пустая строка, введите help для справки
2026-06-05 15:35:10 [WARN ] net.UdpServer - Такой команды не существует, введите help для справки
2026-06-05 15:35:14 [WARN ] commands.ShowCommand - exceptions.EmptyContainerException: Контейнер пуст
2026-06-05 15:35:26 [INFO ] commands.HelpCommand - 
add {element} : добавить новый элемент в коллекцию. Поля введенные неверно будут сгенерированы
add_if_min {element} : добавить новый элемент в коллекцию, если его значение меньше, чем у наименьшего элемента этой коллекции. Сравнение идет по выручке и количеству сотрудников
clear : очистить коллекцию
execute_script file_name : считать и исполнить скрипт из указанного файла. Команды которым необходимы на вход организации или адрес должны вводится в xml формате в строке с командой
exit : завершить программу
filter_greater_than_postal_address {postalAddress} : вывести элементы, значение поля postalAddress которых больше заданного. Сравнение идет по почтовому индексу
help : Выводит справку по командам.
info : выводит информацию о коллекции (тип, дата инициализации, количество элементов)
print_field_ascending_type : вывести значения поля type всех элементов в порядке возрастания
remove_by_id runnerId : удалить элемент из коллекции по его runnerId
remove_greater {element} : удалить из коллекции все элементы, превышающие заданный. Сравнение идет по выручке и количеству сотрудников
remove_lower {element} : удалить из коллекции все элементы, меньшие, чем заданный. Сравнение идет по выручке и количеству сотрудников
show : вывести все элементы коллекции
sum_of_employees_count : вывести сумму значений поля employeesCount для всех элементов коллекции
update runnerId {element} : Обновляет значения элемента по runnerId, нужно ввести весь объект. Поля без значения не будут изменены.
2026-06-05 15:39:15 [INFO ] commands.AddCommand - ID созданной организации: 7
2026-06-05 15:39:31 [INFO ] commands.UpdateCommand - Организация с ID 7 успешно изменена
2026-06-05 15:39:33 [INFO ] commands.ShowCommand - Organization:
 Id: 7
 Дата создания объекта: 2026-06-05
 Название: 12345678
 Тип организации: Публичная
 Координаты: 
  x: 0
  y: 3.0
 Адрес: 
  Расположение: 
   Город: 3
   x: 3.0
   y: 3
   z: 3
  Почтовый индекс: 0000
 Количество сотрудников: 3
 Годовая выручка: 3
2026-06-05 15:39:44 [INFO ] commands.ExitCommand - UdpServer завершил работу
2026-06-05 15:39:44 [WARN ] net.UdpServer - recieveMsgjava.net.SocketException: Socket closed
java.net.SocketException: Socket closed
	at java.base/sun.nio.ch.DatagramSocketAdaptor.receive(DatagramSocketAdaptor.java:252)
	at java.base/java.net.DatagramSocket.receive(DatagramSocket.java:700)
	at net.UdpServer.receiveMessage(UdpServer.java:99)
	at net.UdpServer.run(UdpServer.java:186)
	at net.UdpServer.run(UdpServer.java:123)
	at net.UdpServer.main(UdpServer.java:58)
Caused by: java.nio.channels.AsynchronousCloseException
	at java.base/sun.nio.ch.DatagramChannelImpl.endRead(DatagramChannelImpl.java:523)
	at java.base/sun.nio.ch.DatagramChannelImpl.trustedBlockingReceive(DatagramChannelImpl.java:718)
	at java.base/sun.nio.ch.DatagramChannelImpl.blockingReceive(DatagramChannelImpl.java:633)
	at java.base/sun.nio.ch.DatagramSocketAdaptor.receive(DatagramSocketAdaptor.java:240)
	... 5 more
2026-06-06 17:04:36 [WARN ] io.InputManager - Строка не должна начинаться с цифры
2026-06-06 17:05:27 [WARN ] io.InputManager - Строка не должна начинаться с цифры
2026-06-06 17:07:00 [WARN ] io.InputManager - В строке не должно быть пробелов
2026-06-06 17:08:28 [WARN ] db.UserDao - org.postgresql.util.PSQLException: ERROR: duplicate key value violates unique constraint "uniq_usr_name"
  Подробности: Key (user_name)=(69n1Ner_) already exists.
2026-06-06 17:08:48 [WARN ] db.UserDao - ERROR: duplicate key value violates unique constraint "uniq_usr_name"
  Подробности: Key (user_name)=(69n1Ner_) already exists.
2026-06-06 17:11:04 [WARN ] db.UserDao - org.postgresql.util.PSQLException: ERROR: duplicate key value violates unique constraint "uniq_usr_name"
  Подробности: Key (user_name)=(69n1Ner_) already exists.
2026-06-06 17:11:46 [WARN ] db.UserDao - org.postgresql.util.PSQLException: ERROR: duplicate key value violates unique constraint "uniq_usr_name"
  Подробности: Key (user_name)=(69n1Ner_) already exists.
2026-06-06 17:12:28 [WARN ] db.UserDao - org.postgresql.util.PSQLException: ERROR: duplicate key value violates unique constraint "uniq_usr_name"
  Подробности: Key (user_name)=(69n1Ner_) already exists.
2026-06-06 17:13:04 [WARN ] db.UserDao - org.postgresql.util.PSQLException: ERROR: duplicate key value violates unique constraint "uniq_usr_name"
  Подробности: Key (user_name)=(69n1Ner_) already exists.
2026-06-06 17:15:51 [WARN ] db.UserDao - org.postgresql.util.PSQLException: ERROR: duplicate key value violates unique constraint "uniq_usr_name"
  Подробности: Key (user_name)=(69n1Ner_) already exists.
2026-06-06 17:16:09 [WARN ] db.UserDao - org.postgresql.util.PSQLException: ERROR: duplicate key value violates unique constraint "uniq_usr_name"
  Подробности: Key (user_name)=(69n1Ner_) already exists.
2026-06-06 17:18:54 [WARN ] db.UserDao - 23505
2026-06-06 17:27:07 [WARN ] db.UserDao - Запись с таким уникальным полем уже существует
2026-06-06 17:32:09 [WARN ] db.UserDao - Запись с таким уникальным полем уже существует
2026-06-06 17:32:31 [WARN ] db.UserDao - Запись с таким уникальным полем уже существует
2026-06-06 17:33:01 [WARN ] db.UserDao - Запись с таким уникальным полем уже существует
2026-06-06 17:33:59 [WARN ] db.UserDao - Запись с таким уникальным полем уже существует
2026-06-06 17:34:15 [WARN ] db.UserDao - Запись с таким уникальным полем уже существует
2026-06-06 17:44:48 [WARN ] db.UserDao - Это имя занято
2026-06-06 17:46:52 [WARN ] db.UserDao - Это имя занято
2026-06-06 19:15:57 [WARN ] db.UserDao - Это имя занято
2026-06-06 19:16:42 [INFO ] io.InputManager - Введите имя
2026-06-06 19:16:47 [INFO ] io.InputManager - Введите пароль
2026-06-06 19:16:52 [WARN ] io.InputManager - Такого пользователя не существует
2026-06-06 19:18:13 [INFO ] io.InputManager - Введите имя
2026-06-06 19:18:19 [INFO ] io.InputManager - Введите пароль
2026-06-06 19:18:25 [WARN ] io.InputManager - Такого пользователя не существует
2026-06-06 19:18:56 [INFO ] io.InputManager - Введите имя
2026-06-06 19:19:00 [INFO ] io.InputManager - Введите пароль
2026-06-06 19:19:03 [WARN ] io.InputManager - Такого пользователя не существует
2026-06-06 19:19:56 [INFO ] io.InputManager - Введите имя
2026-06-06 19:20:00 [INFO ] io.InputManager - Введите пароль
2026-06-06 19:20:02 [WARN ] io.InputManager - Такого пользователя не существует
2026-06-06 19:20:30 [INFO ] io.InputManager - Введите имя
2026-06-06 19:20:40 [INFO ] io.InputManager - Введите пароль
2026-06-06 19:20:44 [INFO ] io.InputManager - Вы успешно зарегистрировались
2026-06-06 19:20:57 [INFO ] io.InputManager - Введите имя
2026-06-06 19:21:02 [INFO ] io.InputManager - Введите пароль
2026-06-06 19:21:45 [INFO ] io.InputManager - Введите имя
2026-06-06 19:21:50 [INFO ] io.InputManager - Введите пароль
2026-06-06 19:21:52 [INFO ] io.InputManager - Вы успешно авторизовались
2026-06-06 19:22:11 [INFO ] io.InputManager - Введите имя
2026-06-06 19:22:15 [INFO ] io.InputManager - Введите пароль
2026-06-06 19:22:18 [WARN ] io.InputManager - Такого пользователя не существует
2026-06-06 19:22:26 [INFO ] io.InputManager - Введите имя
2026-06-06 19:22:32 [INFO ] io.InputManager - Введите пароль
2026-06-06 19:22:36 [WARN ] io.InputManager - Такого пользователя не существует
2026-06-06 19:30:34 [INFO ] io.InputManager - Введите имя
2026-06-06 19:30:38 [INFO ] io.InputManager - Введите пароль
2026-06-06 19:30:41 [WARN ] io.InputManager - Неверный пароль
2026-06-06 19:30:46 [INFO ] io.InputManager - Введите имя
2026-06-06 19:30:51 [INFO ] io.InputManager - Введите пароль
2026-06-06 19:30:52 [WARN ] io.InputManager - Такого пользователя не существует
2026-06-06 19:30:57 [INFO ] io.InputManager - Введите имя
2026-06-06 19:30:59 [INFO ] io.InputManager - Введите пароль
2026-06-06 19:31:02 [WARN ] io.InputManager - Такого пользователя не существует
2026-06-06 19:34:07 [INFO ] io.InputManager - Введите имя
2026-06-06 19:34:11 [WARN ] io.InputManager - В строке не должно быть пробелов
2026-06-06 19:34:11 [INFO ] io.InputManager - Введите имя еще раз
2026-06-06 19:34:18 [WARN ] io.InputManager - В строке не должно быть пробелов
2026-06-06 19:34:18 [INFO ] io.InputManager - Введите пароль
2026-06-06 19:34:44 [WARN ] io.InputManager - В строке не должно быть пробелов
2026-06-06 19:34:44 [INFO ] io.InputManager - Введите пароль еще раз
2026-06-06 19:35:51 [WARN ] io.InputManager - В строке не должно быть пробелов
2026-06-06 19:35:51 [WARN ] io.InputManager - Такого пользователя не существует
